{"/home/narendra/Projects/vani/src/core/calendarStrategy.ts": {"path":"/home/narendra/Projects/vani/src/core/calendarStrategy.ts","statementMap":{"0":{"start":{"line":4,"column":0},"end":{"line":4,"column":16}},"1":{"start":{"line":2,"column":0},"end":{"line":2,"column":68}},"2":{"start":{"line":5,"column":18},"end":{"line":5,"column":43}},"3":{"start":{"line":6,"column":2},"end":{"line":6,"column":76}},"4":{"start":{"line":6,"column":26},"end":{"line":6,"column":76}},"5":{"start":{"line":9,"column":30},"end":{"line":9,"column":32}},"6":{"start":{"line":10,"column":2},"end":{"line":12,"column":3}},"7":{"start":{"line":10,"column":15},"end":{"line":10,"column":16}},"8":{"start":{"line":11,"column":4},"end":{"line":11,"column":70}},"9":{"start":{"line":14,"column":15},"end":{"line":14,"column":47}},"10":{"start":{"line":16,"column":2},"end":{"line":24,"column":3}},"11":{"start":{"line":18,"column":19},"end":{"line":18,"column":39}},"12":{"start":{"line":19,"column":4},"end":{"line":23,"column":6}},"13":{"start":{"line":26,"column":14},"end":{"line":26,"column":41}},"14":{"start":{"line":27,"column":12},"end":{"line":27,"column":26}},"15":{"start":{"line":29,"column":17},"end":{"line":29,"column":38}},"16":{"start":{"line":31,"column":23},"end":{"line":31,"column":66}},"17":{"start":{"line":32,"column":16},"end":{"line":32,"column":49}},"18":{"start":{"line":33,"column":14},"end":{"line":33,"column":46}},"19":{"start":{"line":36,"column":15},"end":{"line":36,"column":57}},"20":{"start":{"line":37,"column":20},"end":{"line":37,"column":43}},"21":{"start":{"line":38,"column":21},"end":{"line":38,"column":62}},"22":{"start":{"line":40,"column":16},"end":{"line":44,"column":4}},"23":{"start":{"line":46,"column":2},"end":{"line":46,"column":63}}},"fnMap":{"0":{"name":"calendarPredict","decl":{"start":{"line":4,"column":16},"end":{"line":4,"column":31}},"loc":{"start":{"line":4,"column":53},"end":{"line":47,"column":1}}}},"branchMap":{"0":{"loc":{"start":{"line":6,"column":2},"end":{"line":6,"column":76}},"type":"if","locations":[{"start":{"line":6,"column":2},"end":{"line":6,"column":76}}]},"1":{"loc":{"start":{"line":16,"column":2},"end":{"line":24,"column":3}},"type":"if","locations":[{"start":{"line":16,"column":2},"end":{"line":24,"column":3}}]}},"s":{"0":1,"1":1,"2":1,"3":1,"4":0,"5":1,"6":1,"7":1,"8":2,"9":1,"10":1,"11":0,"12":0,"13":1,"14":1,"15":1,"16":1,"17":1,"18":1,"19":1,"20":1,"21":1,"22":1,"23":1},"f":{"0":1},"b":{"0":[0],"1":[0]}}
,"/home/narendra/Projects/vani/src/core/utils.ts": {"path":"/home/narendra/Projects/vani/src/core/utils.ts","statementMap":{"0":{"start":{"line":3,"column":0},"end":{"line":3,"column":16}},"1":{"start":{"line":8,"column":0},"end":{"line":8,"column":16}},"2":{"start":{"line":12,"column":0},"end":{"line":12,"column":16}},"3":{"start":{"line":16,"column":0},"end":{"line":16,"column":16}},"4":{"start":{"line":20,"column":0},"end":{"line":20,"column":16}},"5":{"start":{"line":25,"column":0},"end":{"line":25,"column":16}},"6":{"start":{"line":32,"column":0},"end":{"line":32,"column":16}},"7":{"start":{"line":1,"column":0},"end":{"line":1,"column":79}},"8":{"start":{"line":5,"column":2},"end":{"line":5,"column":21}},"9":{"start":{"line":9,"column":2},"end":{"line":9,"column":33}},"10":{"start":{"line":13,"column":2},"end":{"line":13,"column":55}},"11":{"start":{"line":17,"column":2},"end":{"line":17,"column":72}},"12":{"start":{"line":21,"column":2},"end":{"line":21,"column":34}},"13":{"start":{"line":21,"column":25},"end":{"line":21,"column":34}},"14":{"start":{"line":22,"column":2},"end":{"line":22,"column":55}},"15":{"start":{"line":22,"column":31},"end":{"line":22,"column":36}},"16":{"start":{"line":26,"column":12},"end":{"line":26,"column":22}},"17":{"start":{"line":28,"column":4},"end":{"line":28,"column":67}},"18":{"start":{"line":28,"column":26},"end":{"line":28,"column":42}},"19":{"start":{"line":29,"column":2},"end":{"line":29,"column":29}},"20":{"start":{"line":33,"column":2},"end":{"line":33,"column":39}}},"fnMap":{"0":{"name":"parseIsoDay","decl":{"start":{"line":3,"column":16},"end":{"line":3,"column":27}},"loc":{"start":{"line":3,"column":37},"end":{"line":6,"column":1}}},"1":{"name":"formatIsoDay","decl":{"start":{"line":8,"column":16},"end":{"line":8,"column":28}},"loc":{"start":{"line":8,"column":36},"end":{"line":10,"column":1}}},"2":{"name":"addDaysIso","decl":{"start":{"line":12,"column":16},"end":{"line":12,"column":26}},"loc":{"start":{"line":12,"column":52},"end":{"line":14,"column":1}}},"3":{"name":"daysBetween","decl":{"start":{"line":16,"column":16},"end":{"line":16,"column":27}},"loc":{"start":{"line":16,"column":54},"end":{"line":18,"column":1}}},"4":{"name":"mean","decl":{"start":{"line":20,"column":16},"end":{"line":20,"column":20}},"loc":{"start":{"line":20,"column":35},"end":{"line":23,"column":1}}},"5":{"name":"(anonymous_5)","decl":{"start":{"line":22,"column":21},"end":{"line":22,"column":22}},"loc":{"start":{"line":22,"column":31},"end":{"line":22,"column":36}}},"6":{"name":"std","decl":{"start":{"line":25,"column":16},"end":{"line":25,"column":19}},"loc":{"start":{"line":25,"column":34},"end":{"line":30,"column":1}}},"7":{"name":"(anonymous_7)","decl":{"start":{"line":28,"column":16},"end":{"line":28,"column":17}},"loc":{"start":{"line":28,"column":26},"end":{"line":28,"column":42}}},"8":{"name":"clamp","decl":{"start":{"line":32,"column":16},"end":{"line":32,"column":21}},"loc":{"start":{"line":32,"column":47},"end":{"line":34,"column":1}}}},"branchMap":{"0":{"loc":{"start":{"line":21,"column":2},"end":{"line":21,"column":34}},"type":"if","locations":[{"start":{"line":21,"column":2},"end":{"line":21,"column":34}}]},"1":{"loc":{"start":{"line":28,"column":50},"end":{"line":28,"column":66}},"type":"binary-expr","locations":[{"start":{"line":28,"column":50},"end":{"line":28,"column":61}},{"start":{"line":28,"column":65},"end":{"line":28,"column":66}}]},"2":{"loc":{"start":{"line":32,"column":33},"end":{"line":32,"column":39}},"type":"default-arg","locations":[{"start":{"line":32,"column":38},"end":{"line":32,"column":39}}]},"3":{"loc":{"start":{"line":32,"column":41},"end":{"line":32,"column":47}},"type":"default-arg","locations":[{"start":{"line":32,"column":46},"end":{"line":32,"column":47}}]}},"s":{"0":1,"1":1,"2":1,"3":1,"4":1,"5":1,"6":1,"7":1,"8":14,"9":6,"10":6,"11":4,"12":3,"13":0,"14":3,"15":6,"16":2,"17":2,"18":4,"19":2,"20":6},"f":{"0":14,"1":6,"2":6,"3":4,"4":3,"5":6,"6":2,"7":4,"8":6},"b":{"0":[0],"1":[2,0],"2":[0],"3":[0]}}
,"/home/narendra/Projects/vani/src/core/wmaStrategy.ts": {"path":"/home/narendra/Projects/vani/src/core/wmaStrategy.ts","statementMap":{"0":{"start":{"line":12,"column":0},"end":{"line":12,"column":16}},"1":{"start":{"line":2,"column":0},"end":{"line":2,"column":68}},"2":{"start":{"line":5,"column":30},"end":{"line":5,"column":32}},"3":{"start":{"line":6,"column":2},"end":{"line":8,"column":3}},"4":{"start":{"line":6,"column":15},"end":{"line":6,"column":16}},"5":{"start":{"line":7,"column":4},"end":{"line":7,"column":70}},"6":{"start":{"line":9,"column":2},"end":{"line":9,"column":19}},"7":{"start":{"line":13,"column":18},"end":{"line":13,"column":43}},"8":{"start":{"line":14,"column":2},"end":{"line":14,"column":76}},"9":{"start":{"line":14,"column":26},"end":{"line":14,"column":76}},"10":{"start":{"line":16,"column":20},"end":{"line":16,"column":45}},"11":{"start":{"line":17,"column":15},"end":{"line":17,"column":47}},"12":{"start":{"line":19,"column":2},"end":{"line":26,"column":3}},"13":{"start":{"line":20,"column":19},"end":{"line":20,"column":39}},"14":{"start":{"line":21,"column":4},"end":{"line":25,"column":6}},"15":{"start":{"line":29,"column":12},"end":{"line":29,"column":28}},"16":{"start":{"line":30,"column":21},"end":{"line":30,"column":64}},"17":{"start":{"line":30,"column":45},"end":{"line":30,"column":63}},"18":{"start":{"line":32,"column":2},"end":{"line":32,"column":23}},"19":{"start":{"line":33,"column":20},"end":{"line":33,"column":57}},"20":{"start":{"line":33,"column":48},"end":{"line":33,"column":53}},"21":{"start":{"line":34,"column":14},"end":{"line":36,"column":null}},"22":{"start":{"line":35,"column":17},"end":{"line":35,"column":52}},"23":{"start":{"line":38,"column":28},"end":{"line":38,"column":43}},"24":{"start":{"line":39,"column":17},"end":{"line":39,"column":52}},"25":{"start":{"line":41,"column":12},"end":{"line":41,"column":26}},"26":{"start":{"line":42,"column":15},"end":{"line":42,"column":42}},"27":{"start":{"line":43,"column":20},"end":{"line":43,"column":43}},"28":{"start":{"line":44,"column":21},"end":{"line":44,"column":62}},"29":{"start":{"line":46,"column":23},"end":{"line":46,"column":66}},"30":{"start":{"line":47,"column":16},"end":{"line":47,"column":49}},"31":{"start":{"line":48,"column":14},"end":{"line":48,"column":46}},"32":{"start":{"line":50,"column":16},"end":{"line":54,"column":4}},"33":{"start":{"line":56,"column":2},"end":{"line":56,"column":63}}},"fnMap":{"0":{"name":"computeIntervals","decl":{"start":{"line":4,"column":9},"end":{"line":4,"column":25}},"loc":{"start":{"line":4,"column":63},"end":{"line":10,"column":1}}},"1":{"name":"wmaPredict","decl":{"start":{"line":12,"column":16},"end":{"line":12,"column":26}},"loc":{"start":{"line":12,"column":48},"end":{"line":57,"column":1}}},"2":{"name":"(anonymous_2)","decl":{"start":{"line":30,"column":35},"end":{"line":30,"column":36}},"loc":{"start":{"line":30,"column":45},"end":{"line":30,"column":63}}},"3":{"name":"(anonymous_3)","decl":{"start":{"line":33,"column":38},"end":{"line":33,"column":39}},"loc":{"start":{"line":33,"column":48},"end":{"line":33,"column":53}}},"4":{"name":"(anonymous_4)","decl":{"start":{"line":35,"column":4},"end":{"line":35,"column":5}},"loc":{"start":{"line":35,"column":17},"end":{"line":35,"column":52}}}},"branchMap":{"0":{"loc":{"start":{"line":14,"column":2},"end":{"line":14,"column":76}},"type":"if","locations":[{"start":{"line":14,"column":2},"end":{"line":14,"column":76}}]},"1":{"loc":{"start":{"line":19,"column":2},"end":{"line":26,"column":3}},"type":"if","locations":[{"start":{"line":19,"column":2},"end":{"line":26,"column":3}}]}},"s":{"0":1,"1":1,"2":1,"3":1,"4":1,"5":2,"6":1,"7":1,"8":1,"9":0,"10":1,"11":1,"12":1,"13":0,"14":0,"15":1,"16":1,"17":2,"18":1,"19":1,"20":2,"21":1,"22":2,"23":1,"24":1,"25":1,"26":1,"27":1,"28":1,"29":1,"30":1,"31":1,"32":1,"33":1},"f":{"0":1,"1":1,"2":2,"3":2,"4":2},"b":{"0":[0],"1":[0]}}
}
