TN:
SF:src/core/calendarStrategy.ts
FN:4,calendarPredict
FNF:1
FNH:1
FNDA:1,calendarPredict
DA:2,1
DA:4,1
DA:5,1
DA:6,1
DA:9,1
DA:10,1
DA:11,2
DA:14,1
DA:16,1
DA:18,0
DA:19,0
DA:26,1
DA:27,1
DA:29,1
DA:31,1
DA:32,1
DA:33,1
DA:36,1
DA:37,1
DA:38,1
DA:40,1
DA:46,1
LF:22
LH:20
BRDA:6,0,0,0
BRDA:16,1,0,0
BRF:2
BRH:0
end_of_record
TN:
SF:src/core/utils.ts
FN:3,parseIsoDay
FN:8,formatIsoDay
FN:12,addDaysIso
FN:16,daysBetween
FN:20,mean
FN:22,(anonymous_5)
FN:25,std
FN:28,(anonymous_7)
FN:32,clamp
FNF:9
FNH:9
FNDA:14,parseIsoDay
FNDA:6,formatIsoDay
FNDA:6,addDaysIso
FNDA:4,daysBetween
FNDA:3,mean
FNDA:6,(anonymous_5)
FNDA:2,std
FNDA:4,(anonymous_7)
FNDA:6,clamp
DA:1,1
DA:3,1
DA:5,14
DA:8,1
DA:9,6
DA:12,1
DA:13,6
DA:16,1
DA:17,4
DA:20,1
DA:21,3
DA:22,6
DA:25,1
DA:26,2
DA:28,4
DA:29,2
DA:32,1
DA:33,6
LF:18
LH:18
BRDA:21,0,0,0
BRDA:28,1,0,2
BRDA:28,1,1,0
BRDA:32,2,0,0
BRDA:32,3,0,0
BRF:5
BRH:1
end_of_record
TN:
SF:src/core/wmaStrategy.ts
FN:4,computeIntervals
FN:12,wmaPredict
FN:30,(anonymous_2)
FN:33,(anonymous_3)
FN:35,(anonymous_4)
FNF:5
FNH:5
FNDA:1,computeIntervals
FNDA:1,wmaPredict
FNDA:2,(anonymous_2)
FNDA:2,(anonymous_3)
FNDA:2,(anonymous_4)
DA:2,1
DA:5,1
DA:6,1
DA:7,2
DA:9,1
DA:12,1
DA:13,1
DA:14,1
DA:16,1
DA:17,1
DA:19,1
DA:20,0
DA:21,0
DA:29,1
DA:30,2
DA:32,1
DA:33,2
DA:34,1
DA:35,2
DA:38,1
DA:39,1
DA:41,1
DA:42,1
DA:43,1
DA:44,1
DA:46,1
DA:47,1
DA:48,1
DA:50,1
DA:56,1
LF:30
LH:28
BRDA:14,0,0,0
BRDA:19,1,0,0
BRF:2
BRH:0
end_of_record
