TN:
SF:src/constants.ts
FNF:0
FNH:0
DA:1,1
LF:1
LH:1
BRF:0
BRH:0
end_of_record
TN:
SF:src/index.ts
FN:1,(anonymous_4)
FNF:1
FNH:1
FNDA:1,(anonymous_4)
DA:1,2
DA:2,1
LF:2
LH:2
BRF:0
BRH:0
end_of_record
TN:
SF:src/api/PredictionEngine.ts
FN:20,(anonymous_0)
FN:24,(anonymous_1)
FN:25,(anonymous_2)
FN:28,(anonymous_3)
FN:32,(anonymous_4)
FN:42,(anonymous_5)
FN:50,(anonymous_6)
FN:71,(anonymous_7)
FN:89,(anonymous_8)
FN:109,(anonymous_9)
FNF:10
FNH:6
FNDA:1,(anonymous_0)
FNDA:1,(anonymous_1)
FNDA:0,(anonymous_2)
FNDA:2,(anonymous_3)
FNDA:1,(anonymous_4)
FNDA:1,(anonymous_5)
FNDA:1,(anonymous_6)
FNDA:0,(anonymous_7)
FNDA:0,(anonymous_8)
FNDA:0,(anonymous_9)
DA:9,1
DA:10,1
DA:11,1
DA:12,1
DA:16,1
DA:18,1
DA:21,1
DA:24,1
DA:25,1
DA:29,2
DA:33,1
DA:34,1
DA:35,1
DA:36,1
DA:43,1
DA:44,1
DA:51,1
DA:52,1
DA:54,1
DA:56,1
DA:61,1
DA:72,0
DA:74,0
DA:75,0
DA:77,0
DA:90,0
DA:92,0
DA:93,0
DA:94,0
DA:96,0
DA:97,0
DA:99,0
DA:110,0
DA:112,0
DA:113,0
DA:114,0
DA:120,0
LF:37
LH:21
BRDA:33,0,0,1
BRDA:33,0,1,0
BRDA:33,0,2,0
BRDA:35,1,0,0
BRDA:52,2,0,1
BRDA:52,2,1,0
BRDA:57,3,0,1
BRDA:57,3,1,0
BRF:8
BRH:3
end_of_record
TN:
SF:src/core/calendarStrategy.ts
FN:4,calendarPredict
FNF:1
FNH:1
FNDA:2,calendarPredict
DA:2,2
DA:4,2
DA:5,2
DA:6,2
DA:9,2
DA:10,2
DA:11,9
DA:14,2
DA:16,2
DA:18,0
DA:19,0
DA:26,2
DA:27,2
DA:29,2
DA:31,2
DA:32,2
DA:33,2
DA:36,2
DA:37,2
DA:38,2
DA:40,2
DA:45,2
DA:46,2
DA:47,0
DA:50,2
DA:51,2
DA:52,0
DA:53,0
DA:55,0
DA:58,2
LF:30
LH:24
BRDA:6,0,0,0
BRDA:16,1,0,0
BRDA:46,2,0,0
BRDA:50,3,0,2
BRDA:50,3,1,0
BRDA:52,4,0,0
BRDA:52,4,1,0
BRF:7
BRH:1
end_of_record
TN:
SF:src/core/utils.ts
FN:3,parseIsoDay
FN:8,formatIsoDay
FN:12,addDaysIso
FN:16,daysBetween
FN:20,mean
FN:22,(anonymous_5)
FN:25,std
FN:28,(anonymous_7)
FN:32,clamp
FN:36,anomalyCheck
FNF:10
FNH:10
FNDA:32,parseIsoDay
FNDA:10,formatIsoDay
FNDA:10,addDaysIso
FNDA:11,daysBetween
FNDA:10,mean
FNDA:39,(anonymous_5)
FNDA:8,std
FNDA:30,(anonymous_7)
FNDA:9,clamp
FNDA:6,anomalyCheck
DA:1,3
DA:3,3
DA:5,32
DA:8,3
DA:9,10
DA:12,3
DA:13,10
DA:16,3
DA:17,11
DA:20,3
DA:21,10
DA:22,39
DA:25,3
DA:26,8
DA:28,30
DA:29,8
DA:32,3
DA:33,9
DA:36,3
DA:40,6
DA:41,1
DA:44,5
DA:45,5
DA:46,1
DA:52,4
LF:25
LH:25
BRDA:21,0,0,0
BRDA:28,1,0,8
BRDA:28,1,1,0
BRDA:32,2,0,0
BRDA:32,3,0,0
BRDA:40,4,0,1
BRDA:45,5,0,1
BRF:7
BRH:3
end_of_record
TN:
SF:src/core/wmaStrategy.ts
FN:4,computeIntervals
FN:12,wmaPredict
FN:30,(anonymous_2)
FN:33,(anonymous_3)
FN:35,(anonymous_4)
FNF:5
FNH:5
FNDA:1,computeIntervals
FNDA:1,wmaPredict
FNDA:2,(anonymous_2)
FNDA:2,(anonymous_3)
FNDA:2,(anonymous_4)
DA:2,2
DA:5,1
DA:6,1
DA:7,2
DA:9,1
DA:12,2
DA:13,1
DA:14,1
DA:16,1
DA:17,1
DA:19,1
DA:20,0
DA:21,0
DA:29,1
DA:30,2
DA:32,1
DA:33,2
DA:34,1
DA:35,2
DA:38,1
DA:39,1
DA:41,1
DA:42,1
DA:43,1
DA:44,1
DA:46,1
DA:47,1
DA:48,1
DA:50,1
DA:54,1
DA:55,1
DA:56,0
DA:59,1
DA:60,1
DA:61,0
DA:62,0
DA:64,0
DA:67,1
LF:38
LH:32
BRDA:14,0,0,0
BRDA:19,1,0,0
BRDA:55,2,0,0
BRDA:59,3,0,1
BRDA:59,3,1,0
BRDA:61,4,0,0
BRDA:61,4,1,0
BRF:7
BRH:1
end_of_record
